<?xml version="1.0" encoding="UTF-8"?>
<!-- Generated by org.testng.reporters.JUnitReportReporter -->
<testsuite hostname="Gowthams-MacBook-Air.local" failures="0" tests="5" name="api.test.UserTests" time="8.259" errors="0" timestamp="2024-02-11T17:33:40 IST" skipped="0">
  <testcase classname="api.test.UserTests" name="userCreateTest" time="2.371"/>
  <testcase classname="api.test.UserTests" name="userGetTest" time="1.531"/>
  <testcase classname="api.test.UserTests" name="userUpdateTest" time="1.379"/>
  <testcase classname="api.test.UserTests" name="userGetUpdatedTest" time="1.550"/>
  <testcase classname="api.test.UserTests" name="userDeleteTest" time="1.428"/>
</testsuite> <!-- api.test.UserTests -->
